<?xml version="1.0" encoding="UTF-8"?>
<testsuite xmlns:xsi="http://www.w3.org/2001/XMLSchema-instance" xsi:noNamespaceSchemaLocation="https://maven.apache.org/surefire/maven-surefire-plugin/xsd/surefire-test-report.xsd" name="FooTest" time="0.073" tests="2" errors="0" skipped="0" failures="0">
  <properties>
    <property name="sun.desktop" value="windows"/>
    <property name="awt.toolkit" value="sun.awt.windows.WToolkit"/>
    <property name="file.encoding.pkg" value="sun.io"/>
    <property name="java.specification.version" value="1.8"/>
    <property name="sun.cpu.isalist" value="amd64"/>
    <property name="sun.jnu.encoding" value="Cp1252"/>
    <property name="java.class.path" value="C:\Users\Zheng\IdeaProjects\auto21\target\test-classes;C:\Users\Zheng\IdeaProjects\auto21\target\classes;C:\Users\Zheng\.m2\repository\org\junit\jupiter\junit-jupiter-api\5.6.0\junit-jupiter-api-5.6.0.jar;C:\Users\Zheng\.m2\repository\org\apiguardian\apiguardian-api\1.1.0\apiguardian-api-1.1.0.jar;C:\Users\Zheng\.m2\repository\org\opentest4j\opentest4j\1.2.0\opentest4j-1.2.0.jar;C:\Users\Zheng\.m2\repository\org\junit\platform\junit-platform-commons\1.6.0\junit-platform-commons-1.6.0.jar;C:\Users\Zheng\.m2\repository\org\junit\jupiter\junit-jupiter-engine\5.6.0\junit-jupiter-engine-5.6.0.jar;C:\Users\Zheng\.m2\repository\org\junit\platform\junit-platform-engine\1.6.0\junit-platform-engine-1.6.0.jar;"/>
    <property name="java.vm.vendor" value="Oracle Corporation"/>
    <property name="sun.arch.data.model" value="64"/>
    <property name="user.variant" value=""/>
    <property name="java.vendor.url" value="http://java.oracle.com/"/>
    <property name="user.timezone" value="Europe/Berlin"/>
    <property name="user.country.format" value="SE"/>
    <property name="java.vm.specification.version" value="1.8"/>
    <property name="os.name" value="Windows 10"/>
    <property name="user.country" value="US"/>
    <property name="sun.java.launcher" value="SUN_STANDARD"/>
    <property name="sun.boot.library.path" value="C:\Program Files\Java\jdk1.8.0_301\jre\bin"/>
    <property name="sun.java.command" value="C:\Users\Zheng\AppData\Local\Temp\surefire5029800418810392926\surefirebooter3612436551834296235.jar C:\Users\Zheng\AppData\Local\Temp\surefire5029800418810392926 2022-03-15T22-50-12_302-jvmRun1 surefire2031298285802251066tmp surefire_02163232546048612720tmp"/>
    <property name="surefire.test.class.path" value="C:\Users\Zheng\IdeaProjects\auto21\target\test-classes;C:\Users\Zheng\IdeaProjects\auto21\target\classes;C:\Users\Zheng\.m2\repository\org\junit\jupiter\junit-jupiter-api\5.6.0\junit-jupiter-api-5.6.0.jar;C:\Users\Zheng\.m2\repository\org\apiguardian\apiguardian-api\1.1.0\apiguardian-api-1.1.0.jar;C:\Users\Zheng\.m2\repository\org\opentest4j\opentest4j\1.2.0\opentest4j-1.2.0.jar;C:\Users\Zheng\.m2\repository\org\junit\platform\junit-platform-commons\1.6.0\junit-platform-commons-1.6.0.jar;C:\Users\Zheng\.m2\repository\org\junit\jupiter\junit-jupiter-engine\5.6.0\junit-jupiter-engine-5.6.0.jar;C:\Users\Zheng\.m2\repository\org\junit\platform\junit-platform-engine\1.6.0\junit-platform-engine-1.6.0.jar;"/>
    <property name="sun.cpu.endian" value="little"/>
    <property name="user.home" value="C:\Users\Zheng"/>
    <property name="user.language" value="en"/>
    <property name="java.specification.vendor" value="Oracle Corporation"/>
    <property name="java.home" value="C:\Program Files\Java\jdk1.8.0_301\jre"/>
    <property name="basedir" value="C:\Users\Zheng\IdeaProjects\auto21"/>
    <property name="file.separator" value="\"/>
    <property name="line.separator" value="&#10;"/>
    <property name="java.vm.specification.vendor" value="Oracle Corporation"/>
    <property name="java.specification.name" value="Java Platform API Specification"/>
    <property name="java.awt.graphicsenv" value="sun.awt.Win32GraphicsEnvironment"/>
    <property name="surefire.real.class.path" value="C:\Users\Zheng\AppData\Local\Temp\surefire5029800418810392926\surefirebooter3612436551834296235.jar"/>
    <property name="sun.boot.class.path" value="C:\Program Files\Java\jdk1.8.0_301\jre\lib\resources.jar;C:\Program Files\Java\jdk1.8.0_301\jre\lib\rt.jar;C:\Program Files\Java\jdk1.8.0_301\jre\lib\sunrsasign.jar;C:\Program Files\Java\jdk1.8.0_301\jre\lib\jsse.jar;C:\Program Files\Java\jdk1.8.0_301\jre\lib\jce.jar;C:\Program Files\Java\jdk1.8.0_301\jre\lib\charsets.jar;C:\Program Files\Java\jdk1.8.0_301\jre\lib\jfr.jar;C:\Program Files\Java\jdk1.8.0_301\jre\classes"/>
    <property name="user.script" value=""/>
    <property name="sun.management.compiler" value="HotSpot 64-Bit Tiered Compilers"/>
    <property name="java.runtime.version" value="1.8.0_301-b09"/>
    <property name="user.name" value="Zheng"/>
    <property name="path.separator" value=";"/>
    <property name="os.version" value="10.0"/>
    <property name="java.endorsed.dirs" value="C:\Program Files\Java\jdk1.8.0_301\jre\lib\endorsed"/>
    <property name="java.runtime.name" value="Java(TM) SE Runtime Environment"/>
    <property name="file.encoding" value="Cp1252"/>
    <property name="java.vm.name" value="Java HotSpot(TM) 64-Bit Server VM"/>
    <property name="localRepository" value="C:\Users\Zheng\.m2\repository"/>
    <property name="java.vendor.url.bug" value="http://bugreport.sun.com/bugreport/"/>
    <property name="java.io.tmpdir" value="C:\Users\Zheng\AppData\Local\Temp\"/>
    <property name="java.version" value="1.8.0_301"/>
    <property name="user.dir" value="C:\Users\Zheng\IdeaProjects\auto21"/>
    <property name="os.arch" value="amd64"/>
    <property name="java.vm.specification.name" value="Java Virtual Machine Specification"/>
    <property name="java.awt.printerjob" value="sun.awt.windows.WPrinterJob"/>
    <property name="sun.os.patch.level" value=""/>
    <property name="java.library.path" value="C:\Program Files\Java\jdk1.8.0_301\jre\bin;C:\Windows\Sun\Java\bin;C:\Windows\system32;C:\Windows;C:\Users\Zheng\bin;C:\Program Files\Git\mingw64\bin;C:\Program Files\Git\usr\local\bin;C:\Program Files\Git\usr\bin;C:\Program Files\Git\usr\bin;C:\Program Files\Git\mingw64\bin;C:\Program Files\Git\usr\bin;C:\Users\Zheng\bin;C:\Users\Zheng\Program\python\scripts;C:\Users\Zheng\Program\python;C:\Users\Zheng\AppData\Local\Programs\Python\Python310\scripts;C:\Users\Zheng\AppData\Local\Programs\Python\Python310;C:\Program Files\Java\jdk1.8.0_301\bin;C:\Program Files (x86)\Common Files\Oracle\Java\javapath;C:\Program Files\Java\jdk1.8.0_301\bin;C:\Windows\system32;C:\Windows;C:\Windows\System32\Wbem;C:\Windows\System32\WindowsPowerShell\v1.0;C:\Windows\System32\OpenSSH;C:\Program Files\Git\cmd;C:\Users\Zheng\apache-maven-3.8.4\bin;C:\Users\Zheng\Webdriver;C:\Program Files\MySQL\MySQL Shell 8.0\bin;C:\Users\Zheng\AppData\Local\Microsoft\WindowsApps;C:\Program Files\Java\jdk1.8.0_301\bin;C:\Program Files\Java\jdk1.8.0_301\bin;C:\ProgramData\Zheng\atom\bin;C:\Program Files\Git\usr\bin\vendor_perl;C:\Program Files\Git\usr\bin\core_perl;."/>
    <property name="java.vm.info" value="mixed mode"/>
    <property name="java.vendor" value="Oracle Corporation"/>
    <property name="java.vm.version" value="25.301-b09"/>
    <property name="java.ext.dirs" value="C:\Program Files\Java\jdk1.8.0_301\jre\lib\ext;C:\Windows\Sun\Java\lib\ext"/>
    <property name="sun.io.unicode.encoding" value="UnicodeLittle"/>
    <property name="java.class.version" value="52.0"/>
  </properties>
  <testcase name="myMethod" classname="FooTest" time="0.057"/>
  <testcase name="myFalseMethod" classname="FooTest" time="0"/>
</testsuite>